<?xml version="1.0" encoding="UTF-8"?>
<!-- Generated by org.testng.reporters.JUnitReportReporter -->
<testsuite hostname="ATMECSINDT-076" name="com.atmecs.qa.testscripts.AutomateSearchProduct" tests="1" failures="0" timestamp="13 Aug 2019 12:46:49 GMT" time="74.355" errors="0">
  <testcase name="searchProduct" time="74.355" classname="com.atmecs.qa.testscripts.AutomateSearchProduct"/>
</testsuite> <!-- com.atmecs.qa.testscripts.AutomateSearchProduct -->
