<?xml version="1.0" encoding="UTF-8"?>
<!-- Generated by org.testng.reporters.JUnitReportReporter -->
<testsuite hostname="ATMECSINDT-076" name="com.onlineretail.qa.testscripts.AutomateSelectProduct" tests="1" failures="0" timestamp="13 Aug 2019 13:47:45 GMT" time="95.700" errors="0">
  <testcase name="selectProduct" time="95.700" classname="com.onlineretail.qa.testscripts.AutomateSelectProduct"/>
</testsuite> <!-- com.onlineretail.qa.testscripts.AutomateSelectProduct -->
