<?xml version="1.0" encoding="UTF-8"?>
<!-- Generated by org.testng.reporters.JUnitReportReporter -->
<testsuite hostname="ATMECSINDT-076" name="com.onlineretail.qa.testscripts.AutomateSelectedProduct" tests="1" failures="0" timestamp="21 Aug 2019 12:52:10 GMT" time="225.642" errors="0">
  <testcase name="selectProduct" time="225.642" classname="com.onlineretail.qa.testscripts.AutomateSelectedProduct"/>
</testsuite> <!-- com.onlineretail.qa.testscripts.AutomateSelectedProduct -->
