<?xml version="1.0" encoding="UTF-8"?>
<!-- Generated by org.testng.reporters.JUnitReportReporter -->
<testsuite hostname="ATMECSINDT-076" name="com.onlineretail.qa.testscripts.AutomateSearchProduct" tests="1" failures="0" timestamp="13 Aug 2019 13:35:09 GMT" time="120.422" errors="0">
  <testcase name="searchProduct" time="120.422" classname="com.onlineretail.qa.testscripts.AutomateSearchProduct"/>
</testsuite> <!-- com.onlineretail.qa.testscripts.AutomateSearchProduct -->
