<?xml version="1.0" encoding="UTF-8"?>
<!-- Generated by org.testng.reporters.JUnitReportReporter -->
<testsuite hostname="ATMECSINDT-076" name="com.onlineretail.qa.testscripts.AutomateSearchedProduct" tests="1" failures="0" timestamp="27 Aug 2019 09:38:36 GMT" time="57.378" errors="0">
  <testcase name="searchProduct" time="57.378" classname="com.onlineretail.qa.testscripts.AutomateSearchedProduct"/>
</testsuite> <!-- com.onlineretail.qa.testscripts.AutomateSearchedProduct -->
