<?xml version="1.0" encoding="UTF-8"?>
<!-- Generated by org.testng.reporters.JUnitReportReporter -->
<testsuite hostname="ATMECSINDT-076" name="com.onlineretail.qa.testscripts.AutomateSelectedProduct" tests="1" failures="0" timestamp="26 Aug 2019 13:02:25 GMT" time="133.429" errors="0">
  <testcase name="selectProduct" time="133.429" classname="com.onlineretail.qa.testscripts.AutomateSelectedProduct"/>
</testsuite> <!-- com.onlineretail.qa.testscripts.AutomateSelectedProduct -->
