<?xml version="1.0" encoding="UTF-8"?>
<!-- Generated by org.testng.reporters.JUnitReportReporter -->
<testsuite hostname="ATMECSINDT-076" name="com.onlineretail.qa.testscripts.AutomateSearchedProduct" tests="1" failures="0" timestamp="13 Aug 2019 14:06:39 GMT" time="109.541" errors="0">
  <testcase name="searchProduct" time="109.541" classname="com.onlineretail.qa.testscripts.AutomateSearchedProduct"/>
</testsuite> <!-- com.onlineretail.qa.testscripts.AutomateSearchedProduct -->
