<?xml version="1.0" encoding="UTF-8"?>
<!-- Generated by org.testng.reporters.JUnitReportReporter -->
<testsuite hostname="ATMECSINDT-076" name="com.atmecs.qa.testscripts.AutomateSelectProduct" tests="1" failures="0" timestamp="13 Aug 2019 12:46:49 GMT" time="42.379" errors="0">
  <testcase name="selectProduct" time="42.379" classname="com.atmecs.qa.testscripts.AutomateSelectProduct"/>
</testsuite> <!-- com.atmecs.qa.testscripts.AutomateSelectProduct -->
