<?xml version="1.0" encoding="UTF-8"?>
<!-- Generated by org.testng.reporters.JUnitReportReporter -->
<testsuite hostname="ATMECSINDT-076" name="com.onlineretail.qa.testscripts.AutomateSearchedProduct" tests="1" failures="0" timestamp="26 Aug 2019 13:28:52 GMT" time="202.766" errors="0">
  <testcase name="searchProduct" time="202.766" classname="com.onlineretail.qa.testscripts.AutomateSearchedProduct"/>
</testsuite> <!-- com.onlineretail.qa.testscripts.AutomateSearchedProduct -->
