<?xml version="1.0" encoding="UTF-8"?>
<!-- Generated by org.testng.reporters.JUnitReportReporter -->
<testsuite hostname="ATMECSINDT-076" name="com.onlineretail.qa.testscripts.AutomateSearchedProduct" tests="1" failures="0" timestamp="26 Aug 2019 06:47:28 GMT" time="79.442" errors="0">
  <testcase name="searchProduct" time="79.442" classname="com.onlineretail.qa.testscripts.AutomateSearchedProduct"/>
</testsuite> <!-- com.onlineretail.qa.testscripts.AutomateSearchedProduct -->
