<?xml version="1.0" encoding="UTF-8"?>
<!-- Generated by org.testng.reporters.JUnitReportReporter -->
<testsuite hostname="ATMECSINDT-076" name="com.onlineretail.qa.testscripts.AutomateSelectedProduct" tests="1" failures="0" timestamp="13 Aug 2019 14:06:39 GMT" time="85.359" errors="0">
  <testcase name="selectProduct" time="85.359" classname="com.onlineretail.qa.testscripts.AutomateSelectedProduct"/>
</testsuite> <!-- com.onlineretail.qa.testscripts.AutomateSelectedProduct -->
