<?xml version="1.0" encoding="UTF-8"?>
<!-- Generated by org.testng.reporters.JUnitReportReporter -->
<testsuite hostname="ATMECSINDT-076" name="com.onlineretail.qa.utils.DataProviderClass" tests="1" failures="0" timestamp="23 Aug 2019 12:57:17 GMT" time="0.010" errors="0">
  <testcase name="loginTest" time="0.010" classname="com.onlineretail.qa.utils.DataProviderClass"/>
</testsuite> <!-- com.onlineretail.qa.utils.DataProviderClass -->
